<?xml version="1.0" encoding="UTF-8"?>
<testng-results skipped="0" failed="0" total="4" passed="4">
  <reporter-output>
  </reporter-output>
  <suite name="Default suite" duration-ms="32" started-at="2013-09-23T21:29:16Z" finished-at="2013-09-23T21:29:16Z">
    <groups>
    </groups>
    <test name="Default test" duration-ms="32" started-at="2013-09-23T21:29:16Z" finished-at="2013-09-23T21:29:16Z">
      <class name="test.rps.RPSHistoryTest">
        <test-method status="PASS" signature="firstEmptyRound()[pri:0, instance:test.rps.RPSHistoryTest@1175422]" name="firstEmptyRound" duration-ms="14" started-at="2013-09-23T22:29:16Z" finished-at="2013-09-23T22:29:16Z">
          <reporter-output>
          </reporter-output>
        </test-method> <!-- firstEmptyRound -->
        <test-method status="PASS" signature="secondEmptyRound()[pri:0, instance:test.rps.RPSHistoryTest@1175422]" name="secondEmptyRound" duration-ms="1" started-at="2013-09-23T22:29:16Z" finished-at="2013-09-23T22:29:16Z">
          <reporter-output>
          </reporter-output>
        </test-method> <!-- secondEmptyRound -->
        <test-method status="PASS" signature="secondRoundDifferentSize()[pri:0, instance:test.rps.RPSHistoryTest@1175422]" name="secondRoundDifferentSize" duration-ms="0" started-at="2013-09-23T22:29:16Z" finished-at="2013-09-23T22:29:16Z">
          <reporter-output>
          </reporter-output>
        </test-method> <!-- secondRoundDifferentSize -->
        <test-method status="PASS" signature="secondRoundDifferentSizeAdding()[pri:0, instance:test.rps.RPSHistoryTest@1175422]" name="secondRoundDifferentSizeAdding" duration-ms="0" started-at="2013-09-23T22:29:16Z" finished-at="2013-09-23T22:29:16Z">
          <exception class="java.lang.UnsupportedOperationException">
            <message>
              <![CDATA[This round seems to be not valid for this game]]>
            </message>
            <full-stacktrace>
              <![CDATA[java.lang.UnsupportedOperationException: This round seems to be not valid for this game
	at model.abstrct.AHistory.addRound(AHistory.java:21)
	at test.rps.RPSHistoryTest.secondRoundDifferentSizeAdding(RPSHistoryTest.java:50)
	at sun.reflect.NativeMethodAccessorImpl.invoke0(Native Method)
	at sun.reflect.NativeMethodAccessorImpl.invoke(NativeMethodAccessorImpl.java:57)
	at sun.reflect.DelegatingMethodAccessorImpl.invoke(DelegatingMethodAccessorImpl.java:43)
	at java.lang.reflect.Method.invoke(Method.java:616)
	at org.testng.internal.MethodInvocationHelper.invokeMethod(MethodInvocationHelper.java:84)
	at org.testng.internal.Invoker.invokeMethod(Invoker.java:714)
	at org.testng.internal.Invoker.invokeTestMethod(Invoker.java:901)
	at org.testng.internal.Invoker.invokeTestMethods(Invoker.java:1231)
	at org.testng.internal.TestMethodWorker.invokeTestMethods(TestMethodWorker.java:127)
	at org.testng.internal.TestMethodWorker.run(TestMethodWorker.java:111)
	at org.testng.TestRunner.privateRun(TestRunner.java:767)
	at org.testng.TestRunner.run(TestRunner.java:617)
	at org.testng.SuiteRunner.runTest(SuiteRunner.java:334)
	at org.testng.SuiteRunner.runSequentially(SuiteRunner.java:329)
	at org.testng.SuiteRunner.privateRun(SuiteRunner.java:291)
	at org.testng.SuiteRunner.run(SuiteRunner.java:240)
	at org.testng.SuiteRunnerWorker.runSuite(SuiteRunnerWorker.java:52)
	at org.testng.SuiteRunnerWorker.run(SuiteRunnerWorker.java:86)
	at org.testng.TestNG.runSuitesSequentially(TestNG.java:1224)
	at org.testng.TestNG.runSuitesLocally(TestNG.java:1149)
	at org.testng.TestNG.run(TestNG.java:1057)
	at org.testng.remote.RemoteTestNG.run(RemoteTestNG.java:111)
	at org.testng.remote.RemoteTestNG.initAndRun(RemoteTestNG.java:204)
	at org.testng.remote.RemoteTestNG.main(RemoteTestNG.java:175)
]]>
            </full-stacktrace>
          </exception> <!-- java.lang.UnsupportedOperationException -->
          <reporter-output>
          </reporter-output>
        </test-method> <!-- secondRoundDifferentSizeAdding -->
      </class> <!-- test.rps.RPSHistoryTest -->
    </test> <!-- Default test -->
  </suite> <!-- Default suite -->
</testng-results>
